<?xml version="1.0" encoding="UTF-8"?>
<testsuite xmlns:xsi="http://www.w3.org/2001/XMLSchema-instance" xsi:noNamespaceSchemaLocation="https://maven.apache.org/surefire/maven-surefire-plugin/xsd/surefire-test-report-3.0.xsd" version="3.0" name="com.cts.PracticeAppApplicationTests" time="5.468" tests="1" errors="0" skipped="0" failures="0">
  <properties>
[...]
</properties>
  <testcase name="contextLoads" classname="com.cts.PracticeAppApplicationTests" time="1.543">
    <system-out><![CDATA[14:14:24.683 [main] INFO org.springframework.test.context.support.AnnotationConfigContextLoaderUtils -- Could not detect default configuration classes for test class [com.cts.PracticeAppApplicationTests]: PracticeAppApplicationTests does not declare any static, non-private, non-final, nested classes annotated with @Configuration.
14:14:24.853 [main] INFO org.springframework.boot.test.context.SpringBootTestContextBootstrapper -- Found @SpringBootConfiguration com.cts.PracticeAppApplication for test class com.cts.PracticeAppApplicationTests
14:14:25.170 [main] INFO org.springframework.boot.devtools.restart.RestartApplicationListener -- Restart disabled due to context in which it is running

  .   ____          _            __ _ _
 /\\ / ___'_ __ _ _(_)_ __  __ _ \ \ \ \
( ( )\___ | '_ | '_| | '_ \/ _` | \ \ \ \
 \\/  ___)| |_)| | | | | || (_| |  ) ) ) )
  '  |____| .__|_| |_|_| |_\__, | / / / /
 =========|_|==============|___/=/_/_/_/
 :: Spring Boot ::                (v3.2.3)

2024-03-09T14:14:25.854+05:30  INFO 15252 --- [           main] com.cts.PracticeAppApplicationTests      : Starting PracticeAppApplicationTests using Java 17.0.10 with PID 15252 (started by harsh in C:\Users\harsh\Documents\workspace-spring-tool-suite-4-4.21.1\Practice_App)
2024-03-09T14:14:25.860+05:30  INFO 15252 --- [           main] com.cts.PracticeAppApplicationTests      : No active profile set, falling back to 1 default profile: "default"
2024-03-09T14:14:28.324+05:30  INFO 15252 --- [           main] com.cts.PracticeAppApplicationTests      : Started PracticeAppApplicationTests in 3.174 seconds (process running for 4.805)
]]></system-out>
  </testcase>
</testsuite>